[INFO] Scanning for projects...
[INFO] 
[INFO] ---------------------------< com.ssafy:dash >---------------------------
[INFO] Building dash 0.0.1-SNAPSHOT
[INFO]   from pom.xml
[INFO] --------------------------------[ jar ]---------------------------------
[INFO] 
[INFO] --- clean:3.4.1:clean (default-clean) @ dash ---
[INFO] Deleting C:\dash\backend\target
[INFO] 
[INFO] --- resources:3.3.1:resources (default-resources) @ dash ---
[INFO] Copying 2 resources from src\main\resources to target\classes
[INFO] Copying 28 resources from src\main\resources to target\classes
[INFO] 
[INFO] --- compiler:3.14.1:compile (default-compile) @ dash ---
[INFO] Recompiling the module because of changed source code.
[INFO] Compiling 183 source files with javac [debug parameters release 17] to target\classes
[INFO] -------------------------------------------------------------
[ERROR] COMPILATION ERROR : 
[INFO] -------------------------------------------------------------
[ERROR] /C:/dash/backend/src/main/java/com/ssafy/dash/study/presentation/StudyController.java:[60,27] cannot find symbol
  symbol:   class StudyStatsResponse
  location: class com.ssafy.dash.study.presentation.StudyController
[INFO] 1 error
[INFO] -------------------------------------------------------------
[INFO] ------------------------------------------------------------------------
[INFO] BUILD FAILURE
[INFO] ------------------------------------------------------------------------
[INFO] Total time:  12.262 s
[INFO] Finished at: 2025-12-19T01:21:50+09:00
[INFO] ------------------------------------------------------------------------
[ERROR] Failed to execute goal org.apache.maven.plugins:maven-compiler-plugin:3.14.1:compile (default-compile) on project dash: Compilation failure
[ERROR] /C:/dash/backend/src/main/java/com/ssafy/dash/study/presentation/StudyController.java:[60,27] cannot find symbol
[ERROR]   symbol:   class StudyStatsResponse
[ERROR]   location: class com.ssafy.dash.study.presentation.StudyController
[ERROR] 
[ERROR] -> [Help 1]
[ERROR] 
[ERROR] To see the full stack trace of the errors, re-run Maven with the -e switch.
[ERROR] Re-run Maven using the -X switch to enable full debug logging.
[ERROR] 
[ERROR] For more information about the errors and possible solutions, please read the following articles:
[ERROR] [Help 1] http://cwiki.apache.org/confluence/display/MAVEN/MojoFailureException
